#
# A fatal error has been detected by the Java Runtime Environment:
#
#  EXCEPTION_ACCESS_VIOLATION (0xc0000005) at pc=0x000000005311937d, pid=8232, tid=0x0000000000003574
#
# JRE version: OpenJDK Runtime Environment (8.0_152-b02) (build 1.8.0_152-release-1024-b02)
# Java VM: OpenJDK 64-Bit Server VM (25.152-b02 mixed mode windows-amd64 compressed oops)
# Problematic frame:
# V  [jvm.dll+0x48937d]
#
# Failed to write core dump. Minidumps are not enabled by default on client versions of Windows
#
# If you would like to submit a bug report, please visit:
#   http://bugreport.java.com/bugreport/crash.jsp
#

---------------  T H R E A D  ---------------

Current thread (0x000000001712a000):  JavaThread "C2 CompilerThread1" daemon [_thread_in_native, id=13684, stack(0x00000000198f0000,0x00000000199f0000)]

siginfo: ExceptionCode=0xc0000005, reading address 0x00000000104505d0

Registers:
RAX=0x0000000022327bd0, RBX=0x00000000104505c8, RCX=0x00000000199ec130, RDX=0x0000000000004000
RSP=0x00000000199ebbc0, RBP=0x00000000191cd0c8, RSI=0x00000000000024dd, RDI=0x00000000199ec150
R8 =0x000000001d7af600, R9 =0x0000000000000030, R10=0x00000000199ec130, R11=0x000000001a7c98d0
R12=0x0000000000000001, R13=0x00000000191cd0c8, R14=0x00000000199ebcd8, R15=0x00000000199ebcf8
RIP=0x000000005311937d, EFLAGS=0x0000000000010202

Top of Stack: (sp=0x00000000199ebbc0)
0x00000000199ebbc0:   00000000199ec130 00000000199ebcd8
0x00000000199ebbd0:   0000000000000001 00000000199ec130
0x00000000199ebbe0:   00000000199ec130 000000005311d252
0x00000000199ebbf0:   000000001fd7cbd0 0000000000000f1c
0x00000000199ebc00:   000000001d7af600 00000000199ec130
0x00000000199ebc10:   00000000191cd0c8 00000000199ebd48
0x00000000199ebc20:   0000000000000000 000000005311eaf9
0x00000000199ebc30:   000000001fd7cbd0 0000000000000f1c
0x00000000199ebc40:   0000000000000001 0000000000000160
0x00000000199ebc50:   00000000199ecb08 0000000053151680
0x00000000199ebc60:   000000001b091a70 0000000017117060
0x00000000199ebc70:   000000001ddaed40 00000000199ebda0
0x00000000199ebc80:   0000000017117060 0000000000000010
0x00000000199ebc90:   00000000199ec130 00000000531208a3
0x00000000199ebca0:   00000000199ec130 0000000000000001
0x00000000199ebcb0:   0000000000000001 00000000199ebd48 

Instructions: (pc=0x000000005311937d)
0x000000005311935d:   ec 20 8b 72 28 8b 51 28 48 8d 79 20 3b f2 73 0a
0x000000005311936d:   48 8b 47 10 48 8b 1c f0 eb 02 33 db 48 83 e3 fe
0x000000005311937d:   48 8b 43 08 48 83 38 00 75 34 8b 43 28 3b c2 73
0x000000005311938d:   0c 8b c8 48 8b 47 10 48 8b 1c c8 eb 02 33 db 48 


Register to memory mapping:

RAX=0x0000000022327bd0 is an unknown value
RBX=0x00000000104505c8 is an unknown value
RCX=0x00000000199ec130 is pointing into the stack for thread: 0x000000001712a000
RDX=0x0000000000004000 is an unknown value
RSP=0x00000000199ebbc0 is pointing into the stack for thread: 0x000000001712a000
RBP=0x00000000191cd0c8 is an unknown value
RSI=0x00000000000024dd is an unknown value
RDI=0x00000000199ec150 is pointing into the stack for thread: 0x000000001712a000
R8 =0x000000001d7af600 is an unknown value
R9 =0x0000000000000030 is an unknown value
R10=0x00000000199ec130 is pointing into the stack for thread: 0x000000001712a000
R11=0x000000001a7c98d0 is an unknown value
R12=0x0000000000000001 is an unknown value
R13=0x00000000191cd0c8 is an unknown value
R14=0x00000000199ebcd8 is pointing into the stack for thread: 0x000000001712a000
R15=0x00000000199ebcf8 is pointing into the stack for thread: 0x000000001712a000


Stack: [0x00000000198f0000,0x00000000199f0000],  sp=0x00000000199ebbc0,  free space=1006k
Native frames: (J=compiled Java code, j=interpreted, Vv=VM code, C=native code)
V  [jvm.dll+0x48937d]
V  [jvm.dll+0x48d252]
V  [jvm.dll+0x48eaf9]
V  [jvm.dll+0x4908a3]
V  [jvm.dll+0x4411a0]
V  [jvm.dll+0x441fa2]
V  [jvm.dll+0x4250b2]
V  [jvm.dll+0x814c8]
V  [jvm.dll+0x81dff]
V  [jvm.dll+0x21d2df]
V  [jvm.dll+0x26d7ea]
C  [msvcr100.dll+0x21d9f]
C  [msvcr100.dll+0x21e3b]
C  [KERNEL32.DLL+0x13034]
C  [ntdll.dll+0x71431]


Current CompileTask:
C2: 213751 15871       4       java.net.URLClassLoader$1::run (5 bytes)


---------------  P R O C E S S  ---------------

Java Threads: ( => current thread )
  0x000000001d06c800 JavaThread "ForkJoinPool.commonPool-worker-2" daemon [_thread_blocked, id=9904, stack(0x0000000031db0000,0x0000000031eb0000)]
  0x000000001d072800 JavaThread "Task worker for ':' Thread 7" [_thread_blocked, id=1352, stack(0x000000002e7b0000,0x000000002e8b0000)]
  0x000000001d06b000 JavaThread "Task worker for ':' Thread 6" [_thread_blocked, id=6896, stack(0x000000002e6b0000,0x000000002e7b0000)]
  0x000000001d072000 JavaThread "Task worker for ':' Thread 5" [_thread_blocked, id=10268, stack(0x000000002e5b0000,0x000000002e6b0000)]
  0x000000001d071000 JavaThread "Task worker for ':' Thread 4" [_thread_blocked, id=13220, stack(0x000000002e4b0000,0x000000002e5b0000)]
  0x000000001d070800 JavaThread "Task worker for ':' Thread 3" [_thread_blocked, id=13160, stack(0x000000002e3b0000,0x000000002e4b0000)]
  0x000000001d069000 JavaThread "Task worker for ':' Thread 2" [_thread_blocked, id=2608, stack(0x000000002e2b0000,0x000000002e3b0000)]
  0x000000001d06a800 JavaThread "Task worker for ':'" [_thread_in_native, id=4388, stack(0x000000002e1b0000,0x000000002e2b0000)]
  0x000000001d06e000 JavaThread "Cache worker for Build Output Cleanup Cache (C:\Users\TOSHIBA\Desktop\TweetyDiary\.gradle\buildOutputCleanup)" [_thread_blocked, id=580, stack(0x000000002e0b0000,0x000000002e1b0000)]
  0x000000001d06d800 JavaThread "Cache worker for task history cache (C:\Users\TOSHIBA\Desktop\TweetyDiary\.gradle\4.4\taskHistory)" [_thread_blocked, id=1152, stack(0x000000002dfb0000,0x000000002e0b0000)]
  0x000000001d06f800 JavaThread "Cache worker for file content cache (C:\Users\TOSHIBA\Desktop\TweetyDiary\.gradle\4.4\fileContent)" [_thread_blocked, id=2700, stack(0x000000002deb0000,0x000000002dfb0000)]
  0x00000000209f7000 JavaThread "build operations Thread 8" [_thread_blocked, id=11368, stack(0x000000002ddb0000,0x000000002deb0000)]
  0x00000000209f5800 JavaThread "build operations Thread 7" [_thread_blocked, id=1876, stack(0x000000002dcb0000,0x000000002ddb0000)]
  0x00000000209fb800 JavaThread "build operations Thread 6" [_thread_blocked, id=11340, stack(0x000000002dbb0000,0x000000002dcb0000)]
  0x00000000209fb000 JavaThread "build operations Thread 5" [_thread_blocked, id=10008, stack(0x000000002dab0000,0x000000002dbb0000)]
  0x00000000209f3000 JavaThread "build operations Thread 4" [_thread_blocked, id=6552, stack(0x000000002d9b0000,0x000000002dab0000)]
  0x00000000209fa000 JavaThread "build operations Thread 3" [_thread_blocked, id=260, stack(0x000000002d8b0000,0x000000002d9b0000)]
  0x00000000209f9800 JavaThread "build operations Thread 2" [_thread_blocked, id=6348, stack(0x000000002d7b0000,0x000000002d8b0000)]
  0x00000000209ef800 JavaThread "build operations" [_thread_blocked, id=6932, stack(0x000000002d6b0000,0x000000002d7b0000)]
  0x00000000209ee000 JavaThread "Cache worker for Artifact transforms cache (C:\Users\TOSHIBA\.gradle\caches\transforms-1)" [_thread_blocked, id=14228, stack(0x000000002d5b0000,0x000000002d6b0000)]
  0x00000000209ee800 JavaThread "Cache worker for file hash cache (C:\Users\TOSHIBA\Desktop\TweetyDiary\.gradle\4.4\fileHashes)" [_thread_blocked, id=7916, stack(0x000000002d4b0000,0x000000002d5b0000)]
  0x00000000209f5000 JavaThread "Stdin handler" [_thread_blocked, id=11880, stack(0x000000002d3b0000,0x000000002d4b0000)]
  0x00000000209f1800 JavaThread "Asynchronous log dispatcher for DefaultDaemonConnection: socket connection from /127.0.0.1:52185 to /127.0.0.1:52349" [_thread_blocked, id=9840, stack(0x000000002d2b0000,0x000000002d3b0000)]
  0x00000000209f1000 JavaThread "Cancel handler" [_thread_blocked, id=5012, stack(0x000000002d1b0000,0x000000002d2b0000)]
  0x00000000209f2800 JavaThread "Handler for socket connection from /127.0.0.1:52185 to /127.0.0.1:52349" [_thread_in_native, id=13780, stack(0x000000002d0b0000,0x000000002d1b0000)]
  0x000000001d5d9000 JavaThread "Memory manager" [_thread_blocked, id=10700, stack(0x00000000239a0000,0x0000000023aa0000)]
  0x000000001d5da000 JavaThread "pool-1-thread-1" [_thread_blocked, id=7824, stack(0x00000000236a0000,0x00000000237a0000)]
  0x000000001b0c2000 JavaThread "File lock request listener" [_thread_in_native, id=2928, stack(0x000000001ca30000,0x000000001cb30000)]
  0x000000001b19c000 JavaThread "Cache worker for file hash cache (C:\Users\TOSHIBA\.gradle\caches\4.4\fileHashes)" [_thread_blocked, id=12012, stack(0x000000001c930000,0x000000001ca30000)]
  0x000000001ae7a800 JavaThread "Daemon worker" [_thread_blocked, id=9232, stack(0x000000001c330000,0x000000001c430000)]
  0x000000001aef9800 JavaThread "Daemon" [_thread_blocked, id=7060, stack(0x000000001be30000,0x000000001bf30000)]
  0x000000001af94800 JavaThread "Daemon periodic checks" [_thread_blocked, id=12488, stack(0x000000001bd30000,0x000000001be30000)]
  0x000000001abf8000 JavaThread "Incoming local TCP Connector on port 52185" [_thread_in_native, id=12396, stack(0x000000001bb00000,0x000000001bc00000)]
  0x00000000190c2000 JavaThread "Service Thread" daemon [_thread_blocked, id=6668, stack(0x0000000019bf0000,0x0000000019cf0000)]
  0x0000000019039000 JavaThread "C1 CompilerThread3" daemon [_thread_blocked, id=13320, stack(0x0000000019af0000,0x0000000019bf0000)]
  0x000000001712b000 JavaThread "C2 CompilerThread2" daemon [_thread_blocked, id=1204, stack(0x00000000199f0000,0x0000000019af0000)]
=>0x000000001712a000 JavaThread "C2 CompilerThread1" daemon [_thread_in_native, id=13684, stack(0x00000000198f0000,0x00000000199f0000)]
  0x0000000019033000 JavaThread "C2 CompilerThread0" daemon [_thread_in_native, id=6264, stack(0x00000000197f0000,0x00000000198f0000)]
  0x0000000019031000 JavaThread "Attach Listener" daemon [_thread_blocked, id=12404, stack(0x00000000196f0000,0x00000000197f0000)]
  0x0000000019030000 JavaThread "Signal Dispatcher" daemon [_thread_blocked, id=844, stack(0x00000000195f0000,0x00000000196f0000)]
  0x0000000003359000 JavaThread "Finalizer" daemon [_thread_blocked, id=4556, stack(0x0000000019400000,0x0000000019500000)]
  0x0000000003357800 JavaThread "Reference Handler" daemon [_thread_blocked, id=13616, stack(0x0000000018f00000,0x0000000019000000)]
  0x0000000003260800 JavaThread "main" [_thread_blocked, id=6504, stack(0x00000000030f0000,0x00000000031f0000)]

Other Threads:
  0x0000000017117800 VMThread [stack: 0x0000000018e00000,0x0000000018f00000] [id=6856]
  0x00000000190cb000 WatcherThread [stack: 0x0000000019cf0000,0x0000000019df0000] [id=868]

VM state:not at safepoint (normal execution)

VM Mutex/Monitor currently owned by a thread: None

Heap:
 PSYoungGen      total 459776K, used 74033K [0x00000000e0000000, 0x0000000100000000, 0x0000000100000000)
  eden space 395264K, 11% used [0x00000000e0000000,0x00000000e2adacd0,0x00000000f8200000)
  from space 64512K, 46% used [0x00000000f8200000,0x00000000f9f71948,0x00000000fc100000)
  to   space 61952K, 0% used [0x00000000fc380000,0x00000000fc380000,0x0000000100000000)
 ParOldGen       total 250880K, used 150097K [0x00000000a0000000, 0x00000000af500000, 0x00000000e0000000)
  object space 250880K, 59% used [0x00000000a0000000,0x00000000a9294640,0x00000000af500000)
 Metaspace       used 79994K, capacity 84252K, committed 84480K, reserved 1122304K
  class space    used 10540K, capacity 11442K, committed 11520K, reserved 1048576K

Card table byte_map: [0x0000000012720000,0x0000000012a30000] byte_map_base: 0x0000000012220000

Marking Bits: (ParMarkBitMap*) 0x0000000053454970
 Begin Bits: [0x0000000013430000, 0x0000000014c30000)
 End Bits:   [0x0000000014c30000, 0x0000000016430000)

Polling page: 0x0000000000ff0000

CodeCache: size=245760Kb used=41325Kb max_used=41871Kb free=204434Kb
 bounds [0x0000000003360000, 0x0000000005ce0000, 0x0000000012360000]
 total_blobs=13368 nmethods=12514 adapters=765
 compilation: enabled

Compilation events (10 events):
Event: 213.525 Thread 0x0000000019039000 15905       3       java.io.InputStream::close (1 bytes)
Event: 213.525 Thread 0x0000000019039000 nmethod 15905 0x0000000005b08390 code [0x0000000005b084e0, 0x0000000005b08630]
Event: 213.534 Thread 0x000000001712b000 nmethod 15902 0x0000000005b22350 code [0x0000000005b224c0, 0x0000000005b228d8]
Event: 213.539 Thread 0x0000000019033000 15906       4       sun.security.provider.ByteArrayAccess::i2bBig (204 bytes)
Event: 213.544 Thread 0x000000001712b000 15907       4       java.util.HashMap::remove (26 bytes)
Event: 213.547 Thread 0x0000000019033000 nmethod 15906 0x0000000003534350 code [0x00000000035344a0, 0x0000000003534758]
Event: 213.548 Thread 0x0000000019033000 15908       4       java.lang.Class::getConstructor0 (103 bytes)
Event: 213.558 Thread 0x000000001712b000 nmethod 15907 0x00000000059fb4d0 code [0x00000000059fb660, 0x00000000059fbc78]
Event: 213.590 Thread 0x000000001712b000 15909   !   4       java.util.zip.Inflater::setInput (74 bytes)
Event: 213.593 Thread 0x000000001712b000 nmethod 15909 0x0000000005b09050 code [0x0000000005b091a0, 0x0000000005b09458]

GC Heap History (10 events):
Event: 58.729 GC heap before
{Heap before GC invocations=16 (full 3):
 PSYoungGen      total 358400K, used 352374K [0x00000000e0000000, 0x00000000f7880000, 0x0000000100000000)
  eden space 333312K, 100% used [0x00000000e0000000,0x00000000f4580000,0x00000000f4580000)
  from space 25088K, 75% used [0x00000000f6000000,0x00000000f729d828,0x00000000f7880000)
  to   space 26112K, 0% used [0x00000000f4580000,0x00000000f4580000,0x00000000f5f00000)
 ParOldGen       total 250880K, used 45351K [0x00000000a0000000, 0x00000000af500000, 0x00000000e0000000)
  object space 250880K, 18% used [0x00000000a0000000,0x00000000a2c49f20,0x00000000af500000)
 Metaspace       used 60925K, capacity 63362K, committed 63488K, reserved 1103872K
  class space    used 8279K, capacity 8926K, committed 8960K, reserved 1048576K
Event: 58.755 GC heap after
Heap after GC invocations=16 (full 3):
 PSYoungGen      total 359424K, used 26102K [0x00000000e0000000, 0x0000000100000000, 0x0000000100000000)
  eden space 333312K, 0% used [0x00000000e0000000,0x00000000e0000000,0x00000000f4580000)
  from space 26112K, 99% used [0x00000000f4580000,0x00000000f5efd850,0x00000000f5f00000)
  to   space 32256K, 0% used [0x00000000fe080000,0x00000000fe080000,0x0000000100000000)
 ParOldGen       total 250880K, used 53280K [0x00000000a0000000, 0x00000000af500000, 0x00000000e0000000)
  object space 250880K, 21% used [0x00000000a0000000,0x00000000a34083b0,0x00000000af500000)
 Metaspace       used 60925K, capacity 63362K, committed 63488K, reserved 1103872K
  class space    used 8279K, capacity 8926K, committed 8960K, reserved 1048576K
}
Event: 66.597 GC heap before
{Heap before GC invocations=17 (full 3):
 PSYoungGen      total 359424K, used 359414K [0x00000000e0000000, 0x0000000100000000, 0x0000000100000000)
  eden space 333312K, 100% used [0x00000000e0000000,0x00000000f4580000,0x00000000f4580000)
  from space 26112K, 99% used [0x00000000f4580000,0x00000000f5efd850,0x00000000f5f00000)
  to   space 32256K, 0% used [0x00000000fe080000,0x00000000fe080000,0x0000000100000000)
 ParOldGen       total 250880K, used 53280K [0x00000000a0000000, 0x00000000af500000, 0x00000000e0000000)
  object space 250880K, 21% used [0x00000000a0000000,0x00000000a34083b0,0x00000000af500000)
 Metaspace       used 65945K, capacity 69110K, committed 69120K, reserved 1107968K
  class space    used 8971K, capacity 9723K, committed 9728K, reserved 1048576K
Event: 66.637 GC heap after
Heap after GC invocations=17 (full 3):
 PSYoungGen      total 480768K, used 31892K [0x00000000e0000000, 0x0000000100000000, 0x0000000100000000)
  eden space 448512K, 0% used [0x00000000e0000000,0x00000000e0000000,0x00000000fb600000)
  from space 32256K, 98% used [0x00000000fe080000,0x00000000fffa50b8,0x0000000100000000)
  to   space 36352K, 0% used [0x00000000fb900000,0x00000000fb900000,0x00000000fdc80000)
 ParOldGen       total 250880K, used 61225K [0x00000000a0000000, 0x00000000af500000, 0x00000000e0000000)
  object space 250880K, 24% used [0x00000000a0000000,0x00000000a3bca400,0x00000000af500000)
 Metaspace       used 65945K, capacity 69110K, committed 69120K, reserved 1107968K
  class space    used 8971K, capacity 9723K, committed 9728K, reserved 1048576K
}
Event: 148.294 GC heap before
{Heap before GC invocations=18 (full 3):
 PSYoungGen      total 480768K, used 480404K [0x00000000e0000000, 0x0000000100000000, 0x0000000100000000)
  eden space 448512K, 100% used [0x00000000e0000000,0x00000000fb600000,0x00000000fb600000)
  from space 32256K, 98% used [0x00000000fe080000,0x00000000fffa50b8,0x0000000100000000)
  to   space 36352K, 0% used [0x00000000fb900000,0x00000000fb900000,0x00000000fdc80000)
 ParOldGen       total 250880K, used 61225K [0x00000000a0000000, 0x00000000af500000, 0x00000000e0000000)
  object space 250880K, 24% used [0x00000000a0000000,0x00000000a3bca400,0x00000000af500000)
 Metaspace       used 70098K, capacity 73832K, committed 74112K, reserved 1114112K
  class space    used 9453K, capacity 10294K, committed 10368K, reserved 1048576K
Event: 148.396 GC heap after
Heap after GC invocations=18 (full 3):
 PSYoungGen      total 487936K, used 36327K [0x00000000e0000000, 0x0000000100000000, 0x0000000100000000)
  eden space 451584K, 0% used [0x00000000e0000000,0x00000000e0000000,0x00000000fb900000)
  from space 36352K, 99% used [0x00000000fb900000,0x00000000fdc79cb0,0x00000000fdc80000)
  to   space 36352K, 0% used [0x00000000fdc80000,0x00000000fdc80000,0x0000000100000000)
 ParOldGen       total 250880K, used 133169K [0x00000000a0000000, 0x00000000af500000, 0x00000000e0000000)
  object space 250880K, 53% used [0x00000000a0000000,0x00000000a820c610,0x00000000af500000)
 Metaspace       used 70098K, capacity 73832K, committed 74112K, reserved 1114112K
  class space    used 9453K, capacity 10294K, committed 10368K, reserved 1048576K
}
Event: 196.340 GC heap before
{Heap before GC invocations=19 (full 3):
 PSYoungGen      total 487936K, used 487911K [0x00000000e0000000, 0x0000000100000000, 0x0000000100000000)
  eden space 451584K, 100% used [0x00000000e0000000,0x00000000fb900000,0x00000000fb900000)
  from space 36352K, 99% used [0x00000000fb900000,0x00000000fdc79cb0,0x00000000fdc80000)
  to   space 36352K, 0% used [0x00000000fdc80000,0x00000000fdc80000,0x0000000100000000)
 ParOldGen       total 250880K, used 133169K [0x00000000a0000000, 0x00000000af500000, 0x00000000e0000000)
  object space 250880K, 53% used [0x00000000a0000000,0x00000000a820c610,0x00000000af500000)
 Metaspace       used 75142K, capacity 79292K, committed 79488K, reserved 1118208K
  class space    used 9966K, capacity 10850K, committed 10880K, reserved 1048576K
Event: 196.426 GC heap after
Heap after GC invocations=19 (full 3):
 PSYoungGen      total 431616K, used 22965K [0x00000000e0000000, 0x0000000100000000, 0x0000000100000000)
  eden space 395264K, 0% used [0x00000000e0000000,0x00000000e0000000,0x00000000f8200000)
  from space 36352K, 63% used [0x00000000fdc80000,0x00000000ff2ed670,0x0000000100000000)
  to   space 64512K, 0% used [0x00000000f8200000,0x00000000f8200000,0x00000000fc100000)
 ParOldGen       total 250880K, used 150089K [0x00000000a0000000, 0x00000000af500000, 0x00000000e0000000)
  object space 250880K, 59% used [0x00000000a0000000,0x00000000a9292640,0x00000000af500000)
 Metaspace       used 75142K, capacity 79292K, committed 79488K, reserved 1118208K
  class space    used 9966K, capacity 10850K, committed 10880K, reserved 1048576K
}
Event: 213.326 GC heap before
{Heap before GC invocations=20 (full 3):
 PSYoungGen      total 431616K, used 418207K [0x00000000e0000000, 0x0000000100000000, 0x0000000100000000)
  eden space 395264K, 99% used [0x00000000e0000000,0x00000000f81fa918,0x00000000f8200000)
  from space 36352K, 63% used [0x00000000fdc80000,0x00000000ff2ed670,0x0000000100000000)
  to   space 64512K, 0% used [0x00000000f8200000,0x00000000f8200000,0x00000000fc100000)
 ParOldGen       total 250880K, used 150089K [0x00000000a0000000, 0x00000000af500000, 0x00000000e0000000)
  object space 250880K, 59% used [0x00000000a0000000,0x00000000a9292640,0x00000000af500000)
 Metaspace       used 79952K, capacity 84188K, committed 84480K, reserved 1122304K
  class space    used 10536K, capacity 11442K, committed 11520K, reserved 1048576K
Event: 213.357 GC heap after
Heap after GC invocations=20 (full 3):
 PSYoungGen      total 459776K, used 30150K [0x00000000e0000000, 0x0000000100000000, 0x0000000100000000)
  eden space 395264K, 0% used [0x00000000e0000000,0x00000000e0000000,0x00000000f8200000)
  from space 64512K, 46% used [0x00000000f8200000,0x00000000f9f71948,0x00000000fc100000)
  to   space 61952K, 0% used [0x00000000fc380000,0x00000000fc380000,0x0000000100000000)
 ParOldGen       total 250880K, used 150097K [0x00000000a0000000, 0x00000000af500000, 0x00000000e0000000)
  object space 250880K, 59% used [0x00000000a0000000,0x00000000a9294640,0x00000000af500000)
 Metaspace       used 79952K, capacity 84188K, committed 84480K, reserved 1122304K
  class space    used 10536K, capacity 11442K, committed 11520K, reserved 1048576K
}

Deoptimization events (10 events):
Event: 213.119 Thread 0x000000001d06a800 Uncommon trap: reason=unstable_if action=reinterpret pc=0x0000000003f549ac method=java.lang.StringCoding$StringDecoder.decode([BII)[C @ 33
Event: 213.154 Thread 0x000000001d06a800 Uncommon trap: reason=unstable_if action=reinterpret pc=0x00000000035b7d84 method=sun.nio.cs.UTF_8$Decoder.decode([BII[C)I @ 30
Event: 213.154 Thread 0x000000001d06a800 Uncommon trap: reason=unstable_if action=reinterpret pc=0x0000000003f2410c method=java.lang.StringCoding.safeTrim([CILjava/nio/charset/Charset;Z)[C @ 3
Event: 213.154 Thread 0x000000001d06a800 Uncommon trap: reason=unstable_if action=reinterpret pc=0x0000000005b46b00 method=sun.security.util.DerValue.isPrintableStringChar(C)Z @ 9
Event: 213.154 Thread 0x000000001d06a800 Uncommon trap: reason=unstable_if action=reinterpret pc=0x0000000004123c60 method=java.lang.CharacterData.of(I)Ljava/lang/CharacterData; @ 4
Event: 213.158 Thread 0x000000001d06a800 Uncommon trap: reason=unstable_if action=reinterpret pc=0x0000000003f2623c method=java.lang.StringCoding.safeTrim([CILjava/nio/charset/Charset;Z)[C @ 3
Event: 213.162 Thread 0x000000001d06a800 Uncommon trap: reason=speculate_class_check action=maybe_recompile pc=0x00000000058df870 method=java.nio.charset.CharsetEncoder.reset()Ljava/nio/charset/CharsetEncoder; @ 1
Event: 213.169 Thread 0x000000001d06a800 Uncommon trap: reason=unstable_if action=reinterpret pc=0x0000000004d11f64 method=com.android.apksig.internal.jar.ManifestParser.readLine()[B @ 8
Event: 213.170 Thread 0x000000001d06a800 Uncommon trap: reason=speculate_class_check action=maybe_recompile pc=0x00000000058df870 method=java.nio.charset.CharsetEncoder.reset()Ljava/nio/charset/CharsetEncoder; @ 1
Event: 213.170 Thread 0x000000001d06a800 Uncommon trap: reason=speculate_class_check action=maybe_recompile pc=0x00000000058df870 method=java.nio.charset.CharsetEncoder.reset()Ljava/nio/charset/CharsetEncoder; @ 1

Classes redefined (0 events):
No events

Internal exceptions (10 events):
Event: 196.286 Thread 0x000000001d06a800 Exception <a 'java/lang/ClassNotFoundException': com/crashlytics/reloc/org/apache/log4j/FileAppenderCustomizer> (0x00000000fb784fd0) thrown at [D:\src\AOSP-openjdk-cygwin\jdk8u\hotspot\src\share\vm\classfile\systemDictionary.cpp, line 210]
Event: 196.287 Thread 0x000000001d06a800 Exception <a 'java/lang/ClassNotFoundException': com/crashlytics/reloc/org/apache/log4j/RollingFileAppenderCustomizer> (0x00000000fb7ac8d8) thrown at [D:\src\AOSP-openjdk-cygwin\jdk8u\hotspot\src\share\vm\classfile\systemDictionary.cpp, line 210]
Event: 196.288 Thread 0x000000001d06a800 Exception <a 'java/lang/ClassNotFoundException': com/crashlytics/tools/utils/log/RollingFileAppenderCustomizer> (0x00000000fb7d0410) thrown at [D:\src\AOSP-openjdk-cygwin\jdk8u\hotspot\src\share\vm\classfile\systemDictionary.cpp, line 210]
Event: 196.709 Thread 0x000000001d077000 Implicit null exception at 0x0000000003d5a650 to 0x0000000003d5c791
Event: 197.400 Thread 0x000000001d06a800 Implicit null exception at 0x0000000005a2c280 to 0x0000000005a2c441
Event: 197.403 Thread 0x000000001d06a800 Implicit null exception at 0x00000000048582da to 0x000000000485832d
Event: 197.871 Thread 0x000000001d06a800 Implicit null exception at 0x0000000005b51ca3 to 0x0000000005b53aa7
Event: 198.042 Thread 0x000000001d077000 Implicit null exception at 0x0000000004e5f3e5 to 0x0000000004e5f515
Event: 211.441 Thread 0x00000000209f7000 Implicit null exception at 0x00000000042c78ec to 0x00000000042c794d
Event: 212.909 Thread 0x000000001d06a800 Exception <a 'java/lang/NoSuchMethodError': java.lang.Object.lambda$asRunnable$0(Lcom/android/apkzlib/utils/IOExceptionRunnable;)V> (0x00000000f6e422f0) thrown at [D:\src\AOSP-openjdk-cygwin\jdk8u\hotspot\src\share\vm\interpreter\linkResolver.cpp, line 58

Events (10 events):
Event: 213.401 Thread 0x0000000019039000 flushing nmethod 0x0000000005bb3190
Event: 213.401 Thread 0x0000000019039000 flushing nmethod 0x0000000005bb3b90
Event: 213.401 Thread 0x000000001d075800 Thread added: 0x000000001d075800
Event: 213.401 Executing VM operation: RevokeBias
Event: 213.401 Executing VM operation: RevokeBias done
Event: 213.401 Executing VM operation: RevokeBias
Event: 213.402 Executing VM operation: RevokeBias done
Event: 213.502 Executing VM operation: RevokeBias
Event: 213.503 Executing VM operation: RevokeBias done
Event: 213.503 Thread 0x000000001d075800 Thread exited: 0x000000001d075800


Dynamic libraries:
0x00007ff661e70000 - 0x00007ff661ea1000 	A:\Android\jre\bin\java.exe
0x00007ffac5860000 - 0x00007ffac5a41000 	C:\WINDOWS\SYSTEM32\ntdll.dll
0x00007ffac35b0000 - 0x00007ffac3662000 	C:\WINDOWS\System32\KERNEL32.DLL
0x00007ffac20d0000 - 0x00007ffac2343000 	C:\WINDOWS\System32\KERNELBASE.dll
0x00007ffac3680000 - 0x00007ffac3721000 	C:\WINDOWS\System32\ADVAPI32.dll
0x00007ffac51a0000 - 0x00007ffac523e000 	C:\WINDOWS\System32\msvcrt.dll
0x00007ffac5240000 - 0x00007ffac529b000 	C:\WINDOWS\System32\sechost.dll
0x00007ffac4b80000 - 0x00007ffac4ca4000 	C:\WINDOWS\System32\RPCRT4.dll
0x00007ffac4cb0000 - 0x00007ffac4e40000 	C:\WINDOWS\System32\USER32.dll
0x00007ffac23a0000 - 0x00007ffac23c0000 	C:\WINDOWS\System32\win32u.dll
0x00007ffac4e40000 - 0x00007ffac4e68000 	C:\WINDOWS\System32\GDI32.dll
0x00007ffac2b50000 - 0x00007ffac2ce2000 	C:\WINDOWS\System32\gdi32full.dll
0x00007ffac1c30000 - 0x00007ffac1ccf000 	C:\WINDOWS\System32\msvcp_win.dll
0x00007ffac1f70000 - 0x00007ffac206a000 	C:\WINDOWS\System32\ucrtbase.dll
0x00007ffab52c0000 - 0x00007ffab5529000 	C:\WINDOWS\WinSxS\amd64_microsoft.windows.common-controls_6595b64144ccf1df_6.0.17134.167_none_fb4496d930639c5a\COMCTL32.dll
0x00007ffac4e70000 - 0x00007ffac5193000 	C:\WINDOWS\System32\combase.dll
0x00007ffac23c0000 - 0x00007ffac243a000 	C:\WINDOWS\System32\bcryptPrimitives.dll
0x00007ffac30d0000 - 0x00007ffac30fd000 	C:\WINDOWS\System32\IMM32.DLL
0x0000000050db0000 - 0x0000000050e82000 	A:\Android\jre\jre\bin\msvcr100.dll
0x0000000052c90000 - 0x00000000534cf000 	A:\Android\jre\jre\bin\server\jvm.dll
0x00007ffac5820000 - 0x00007ffac5828000 	C:\WINDOWS\System32\PSAPI.DLL
0x00007ffabdc10000 - 0x00007ffabdc19000 	C:\WINDOWS\SYSTEM32\WSOCK32.dll
0x00007ffac55a0000 - 0x00007ffac560c000 	C:\WINDOWS\System32\WS2_32.dll
0x00007ffabb5b0000 - 0x00007ffabb5d3000 	C:\WINDOWS\SYSTEM32\WINMM.dll
0x00007ffab34b0000 - 0x00007ffab34ba000 	C:\WINDOWS\SYSTEM32\VERSION.dll
0x00007ffabb580000 - 0x00007ffabb5aa000 	C:\WINDOWS\SYSTEM32\WINMMBASE.dll
0x00007ffac2350000 - 0x00007ffac2399000 	C:\WINDOWS\System32\cfgmgr32.dll
0x00007ffabdbd0000 - 0x00007ffabdbdf000 	A:\Android\jre\jre\bin\verify.dll
0x00007ffab9200000 - 0x00007ffab9229000 	A:\Android\jre\jre\bin\java.dll
0x00007ffab4680000 - 0x00007ffab4696000 	A:\Android\jre\jre\bin\zip.dll
0x00007ffac3740000 - 0x00007ffac4b80000 	C:\WINDOWS\System32\SHELL32.dll
0x00007ffac5770000 - 0x00007ffac5819000 	C:\WINDOWS\System32\shcore.dll
0x00007ffac2440000 - 0x00007ffac2b4d000 	C:\WINDOWS\System32\windows.storage.dll
0x00007ffac5320000 - 0x00007ffac5371000 	C:\WINDOWS\System32\shlwapi.dll
0x00007ffac1c10000 - 0x00007ffac1c21000 	C:\WINDOWS\System32\kernel.appcore.dll
0x00007ffac1bf0000 - 0x00007ffac1c0f000 	C:\WINDOWS\System32\profapi.dll
0x00007ffac1ba0000 - 0x00007ffac1bec000 	C:\WINDOWS\System32\powrprof.dll
0x00007ffac1b90000 - 0x00007ffac1b9a000 	C:\WINDOWS\System32\FLTLIB.DLL
0x00007ffab3630000 - 0x00007ffab364a000 	A:\Android\jre\jre\bin\net.dll
0x00007ffac1030000 - 0x00007ffac1096000 	C:\WINDOWS\system32\mswsock.dll
0x00007ffab3610000 - 0x00007ffab3621000 	A:\Android\jre\jre\bin\nio.dll
0x00007ffaa1d90000 - 0x00007ffaa1dae000 	C:\Users\TOSHIBA\.gradle\native\25\windows-amd64\native-platform.dll
0x00007ffabda30000 - 0x00007ffabda3d000 	A:\Android\jre\jre\bin\management.dll
0x00007ffac1960000 - 0x00007ffac1977000 	C:\WINDOWS\SYSTEM32\CRYPTSP.dll
0x00007ffac0c10000 - 0x00007ffac0c43000 	C:\WINDOWS\system32\rsaenh.dll
0x00007ffac1930000 - 0x00007ffac1955000 	C:\WINDOWS\SYSTEM32\bcrypt.dll
0x00007ffac1aa0000 - 0x00007ffac1ac8000 	C:\WINDOWS\SYSTEM32\USERENV.dll
0x00007ffac11e0000 - 0x00007ffac11eb000 	C:\WINDOWS\SYSTEM32\CRYPTBASE.dll
0x00007ffac0db0000 - 0x00007ffac0de8000 	C:\WINDOWS\SYSTEM32\IPHLPAPI.DLL
0x00007ffac3730000 - 0x00007ffac3738000 	C:\WINDOWS\System32\NSI.dll
0x00007ffabab90000 - 0x00007ffababa6000 	C:\WINDOWS\SYSTEM32\dhcpcsvc6.DLL
0x00007ffabab70000 - 0x00007ffabab8a000 	C:\WINDOWS\SYSTEM32\dhcpcsvc.DLL
0x00007ffab2650000 - 0x00007ffab2674000 	A:\Android\jre\jre\bin\sunec.dll
0x00007ffac0e00000 - 0x00007ffac0ebe000 	C:\WINDOWS\SYSTEM32\DNSAPI.dll
0x00007ffabf440000 - 0x00007ffabf44a000 	C:\Windows\System32\rasadhlp.dll
0x00007ffabf240000 - 0x00007ffabf2b2000 	C:\WINDOWS\System32\fwpuclnt.dll
0x00007ffab4f50000 - 0x00007ffab4f5b000 	A:\Android\jre\jre\bin\sunmscapi.dll
0x00007ffac1d80000 - 0x00007ffac1f62000 	C:\WINDOWS\System32\CRYPT32.dll
0x00007ffac1b70000 - 0x00007ffac1b82000 	C:\WINDOWS\System32\MSASN1.dll
0x00007ffac1570000 - 0x00007ffac1739000 	C:\WINDOWS\SYSTEM32\dbghelp.dll

VM Arguments:
jvm_args: -Xmx1536m -Dfile.encoding=windows-1254 -Duser.country=TR -Duser.language=tr -Duser.variant 
java_command: org.gradle.launcher.daemon.bootstrap.GradleDaemon 4.4
java_class_path (initial): C:\Users\TOSHIBA\.gradle\wrapper\dists\gradle-4.4-all\9br9xq1tocpiv8o6njlyu5op1\gradle-4.4\lib\gradle-launcher-4.4.jar
Launcher Type: SUN_STANDARD

Environment Variables:
JAVA_HOME=C:\Program Files\Java\jdk1.8.0_144
PATH=C:\Program Files (x86)\Common Files\Oracle\Java\javapath;A:\sdk\platform-tools;A:\sdk\platform-tools
USERNAME=TOSHIBA
OS=Windows_NT
PROCESSOR_IDENTIFIER=Intel64 Family 6 Model 60 Stepping 3, GenuineIntel



---------------  S Y S T E M  ---------------

OS: Windows 10.0 , 64 bit Build 17134 (10.0.17134.1)

CPU:total 8 (initial active 8) (4 cores per cpu, 2 threads per core) family 6 model 60 stepping 3, cmov, cx8, fxsr, mmx, sse, sse2, sse3, ssse3, sse4.1, sse4.2, popcnt, avx, avx2, aes, clmul, erms, lzcnt, ht, tsc, tscinvbit, bmi1, bmi2

Memory: 4k page, physical 16685848k(6635288k free), swap 19176216k(5605660k free)

vm_info: OpenJDK 64-Bit Server VM (25.152-b02) for windows-amd64 JRE (1.8.0_152-release-1024-b02), built by "builder" with MS VC++ 10.0 (VS2010)

time: Fri Aug 03 11:45:06 2018
elapsed time: 213 seconds (0d 0h 3m 33s)

