#
# A fatal error has been detected by the Java Runtime Environment:
#
#  Internal Error (ciMethodData.cpp:209), pid=9496, tid=0x0000000000002220
#  Error: ShouldNotReachHere()
#
# JRE version: OpenJDK Runtime Environment (8.0_152-b02) (build 1.8.0_152-release-1024-b02)
# Java VM: OpenJDK 64-Bit Server VM (25.152-b02 mixed mode windows-amd64 compressed oops)
# Failed to write core dump. Minidumps are not enabled by default on client versions of Windows
#
# If you would like to submit a bug report, please visit:
#   http://bugreport.java.com/bugreport/crash.jsp
#

---------------  T H R E A D  ---------------

Current thread (0x00000000184d8000):  JavaThread "C2 CompilerThread1" daemon [_thread_in_vm, id=8736, stack(0x0000000018ca0000,0x0000000018da0000)]

Stack: [0x0000000018ca0000,0x0000000018da0000]
[error occurred during error reporting (printing stack bounds), id 0xc0000005]

Native frames: (J=compiled Java code, j=interpreted, Vv=VM code, C=native code)


Current CompileTask:
C2:2120105 22085   !   4       java.io.File::toPath (54 bytes)


---------------  P R O C E S S  ---------------

Java Threads: ( => current thread )
  0x0000000019743000 JavaThread "Task worker for ':' Thread 7" [_thread_blocked, id=9000, stack(0x0000000049e20000,0x0000000049f20000)]
  0x0000000019742800 JavaThread "Task worker for ':' Thread 6" [_thread_blocked, id=8856, stack(0x0000000049d20000,0x0000000049e20000)]
  0x0000000019740000 JavaThread "Task worker for ':' Thread 5" [_thread_blocked, id=8196, stack(0x0000000049c20000,0x0000000049d20000)]
  0x0000000019741800 JavaThread "Task worker for ':' Thread 4" [_thread_blocked, id=8240, stack(0x0000000049b20000,0x0000000049c20000)]
  0x000000001973b800 JavaThread "Task worker for ':' Thread 3" [_thread_blocked, id=13164, stack(0x0000000049a20000,0x0000000049b20000)]
  0x000000001973f000 JavaThread "Task worker for ':' Thread 2" [_thread_blocked, id=6600, stack(0x0000000049920000,0x0000000049a20000)]
  0x000000001973a800 JavaThread "Task worker for ':'" [_thread_in_native, id=12384, stack(0x0000000049820000,0x0000000049920000)]
  0x000000001973a000 JavaThread "Cache worker for Build Output Cleanup Cache (C:\Users\TOSHIBA\Desktop\TweetyDiary\.gradle\buildOutputCleanup)" [_thread_blocked, id=12408, stack(0x0000000049720000,0x0000000049820000)]
  0x0000000019739000 JavaThread "Cache worker for task history cache (C:\Users\TOSHIBA\Desktop\TweetyDiary\.gradle\4.4\taskHistory)" [_thread_blocked, id=3356, stack(0x0000000049620000,0x0000000049720000)]
  0x0000000021b16000 JavaThread "Cache worker for file content cache (C:\Users\TOSHIBA\Desktop\TweetyDiary\.gradle\4.4\fileContent)" [_thread_blocked, id=8704, stack(0x0000000049520000,0x0000000049620000)]
  0x0000000021b15800 JavaThread "build operations Thread 8" [_thread_blocked, id=13692, stack(0x0000000049420000,0x0000000049520000)]
  0x0000000021b14800 JavaThread "build operations Thread 7" [_thread_blocked, id=1292, stack(0x0000000049320000,0x0000000049420000)]
  0x0000000021b14000 JavaThread "build operations Thread 6" [_thread_blocked, id=11172, stack(0x0000000049220000,0x0000000049320000)]
  0x0000000021b17800 JavaThread "build operations Thread 5" [_thread_in_native, id=11724, stack(0x0000000049120000,0x0000000049220000)]
  0x0000000021b11800 JavaThread "build operations Thread 4" [_thread_blocked, id=1968, stack(0x0000000049020000,0x0000000049120000)]
  0x0000000021b17000 JavaThread "build operations Thread 3" [_thread_blocked, id=7128, stack(0x0000000048f20000,0x0000000049020000)]
  0x0000000021b09800 JavaThread "build operations Thread 2" [_thread_in_native, id=2168, stack(0x0000000048e20000,0x0000000048f20000)]
  0x0000000021b10000 JavaThread "build operations" [_thread_in_native, id=9636, stack(0x0000000048d20000,0x0000000048e20000)]
  0x0000000021b08800 JavaThread "Cache worker for Artifact transforms cache (C:\Users\TOSHIBA\.gradle\caches\transforms-1)" [_thread_blocked, id=9052, stack(0x0000000048c20000,0x0000000048d20000)]
  0x0000000021b0e800 JavaThread "Cache worker for file hash cache (C:\Users\TOSHIBA\Desktop\TweetyDiary\.gradle\4.4\fileHashes)" [_thread_blocked, id=5344, stack(0x0000000048b20000,0x0000000048c20000)]
  0x0000000021b0e000 JavaThread "Stdin handler" [_thread_blocked, id=11804, stack(0x0000000048a20000,0x0000000048b20000)]
  0x0000000021b0c800 JavaThread "Asynchronous log dispatcher for DefaultDaemonConnection: socket connection from /127.0.0.1:62218 to /127.0.0.1:63157" [_thread_blocked, id=10664, stack(0x0000000048920000,0x0000000048a20000)]
  0x0000000021b0f800 JavaThread "Cancel handler" [_thread_blocked, id=8428, stack(0x0000000048820000,0x0000000048920000)]
  0x0000000021b0a000 JavaThread "Handler for socket connection from /127.0.0.1:62218 to /127.0.0.1:63157" [_thread_in_native, id=2864, stack(0x0000000048720000,0x0000000048820000)]
  0x000000001ec22800 JavaThread "Daemon worker Thread 4" [_thread_blocked, id=2244, stack(0x0000000038520000,0x0000000038620000)]
  0x000000001ec24800 JavaThread "Daemon Thread 4" [_thread_blocked, id=12148, stack(0x0000000038220000,0x0000000038320000)]
  0x000000001c446000 JavaThread "Memory manager" [_thread_blocked, id=11864, stack(0x0000000023050000,0x0000000023150000)]
  0x000000001c44d000 JavaThread "pool-1-thread-1" [_thread_blocked, id=2596, stack(0x0000000022d50000,0x0000000022e50000)]
  0x000000001a3eb800 JavaThread "File lock request listener" [_thread_in_native, id=13684, stack(0x000000001be00000,0x000000001bf00000)]
  0x000000001a448800 JavaThread "Cache worker for file hash cache (C:\Users\TOSHIBA\.gradle\caches\4.4\fileHashes)" [_thread_blocked, id=13664, stack(0x000000001bd00000,0x000000001be00000)]
  0x0000000019ffd000 JavaThread "Daemon periodic checks" [_thread_blocked, id=13544, stack(0x000000001b100000,0x000000001b200000)]
  0x0000000019fdc800 JavaThread "Incoming local TCP Connector on port 62218" [_thread_in_native, id=11576, stack(0x000000001aed0000,0x000000001afd0000)]
  0x000000001851d000 JavaThread "Service Thread" daemon [_thread_blocked, id=12688, stack(0x0000000018fa0000,0x00000000190a0000)]
  0x00000000184db800 JavaThread "C1 CompilerThread3" daemon [_thread_blocked, id=12220, stack(0x0000000018ea0000,0x0000000018fa0000)]
  0x00000000184d8800 JavaThread "C2 CompilerThread2" daemon [_thread_blocked, id=3308, stack(0x0000000018da0000,0x0000000018ea0000)]
=>0x00000000184d8000 JavaThread "C2 CompilerThread1" daemon [_thread_in_vm, id=8736, stack(0x0000000018ca0000,0x0000000018da0000)]
  0x00000000165de000 JavaThread "C2 CompilerThread0" daemon [_thread_blocked, id=5948, stack(0x0000000018ba0000,0x0000000018ca0000)]
  0x00000000184cf000 JavaThread "Attach Listener" daemon [_thread_blocked, id=11892, stack(0x0000000018aa0000,0x0000000018ba0000)]
  0x00000000184d5800 JavaThread "Signal Dispatcher" daemon [_thread_blocked, id=7844, stack(0x00000000189a0000,0x0000000018aa0000)]
  0x00000000184c0800 JavaThread "Finalizer" daemon [_thread_blocked, id=13208, stack(0x00000000188a0000,0x00000000189a0000)]
  0x0000000002809000 JavaThread "Reference Handler" daemon [_thread_blocked, id=13012, stack(0x00000000183a0000,0x00000000184a0000)]
  0x0000000000d2d800 JavaThread "main" [_thread_blocked, id=14268, stack(0x0000000002510000,0x0000000002610000)]

Other Threads:
  0x00000000165c8000 VMThread [stack: 0x00000000182a0000,0x00000000183a0000] [id=6724]
  0x000000001851e000 WatcherThread [stack: 0x00000000190a0000,0x00000000191a0000] [id=13460]

VM state:not at safepoint (normal execution)

VM Mutex/Monitor currently owned by a thread: None

Heap:
 PSYoungGen      total 379904K, used 229876K [0x00000000e0000000, 0x00000000fdb80000, 0x0000000100000000)
  eden space 292352K, 58% used [0x00000000e0000000,0x00000000ea7fdab8,0x00000000f1d80000)
  from space 87552K, 66% used [0x00000000f8600000,0x00000000fbe7f938,0x00000000fdb80000)
  to   space 97280K, 0% used [0x00000000f1d80000,0x00000000f1d80000,0x00000000f7c80000)
 ParOldGen       total 262144K, used 144469K [0x00000000a0000000, 0x00000000b0000000, 0x00000000e0000000)
  object space 262144K, 55% used [0x00000000a0000000,0x00000000a8d156e0,0x00000000b0000000)
 Metaspace       used 89474K, capacity 94956K, committed 95144K, reserved 1132544K
  class space    used 11493K, capacity 12604K, committed 12720K, reserved 1048576K

Card table byte_map: [0x0000000011bd0000,0x0000000011ee0000] byte_map_base: 0x00000000116d0000

Marking Bits: (ParMarkBitMap*) 0x000000006bf54970
 Begin Bits: [0x00000000128e0000, 0x00000000140e0000)
 End Bits:   [0x00000000140e0000, 0x00000000158e0000)

Polling page: 0x00000000007a0000

CodeCache: size=245760Kb used=59076Kb max_used=59086Kb free=186683Kb
 bounds [0x0000000002810000, 0x0000000006220000, 0x0000000011810000]
 total_blobs=17772 nmethods=16906 adapters=776
 compilation: enabled

Compilation events (10 events):
Event: 2119.196 Thread 0x00000000184d8000 22081       4       java.io.WinNTFileSystem::prefixLength (91 bytes)
Event: 2119.199 Thread 0x00000000184d8000 nmethod 22081 0x00000000061e2b90 code [0x00000000061e2ce0, 0x00000000061e2eb8]
Event: 2119.202 Thread 0x00000000184d8800 nmethod 22075 0x00000000061e3d10 code [0x00000000061e3ee0, 0x00000000061e4818]
Event: 2119.224 Thread 0x00000000165de000 22082       4       org.gradle.internal.Actions$CompositeAction::execute (40 bytes)
Event: 2119.238 Thread 0x00000000165de000 nmethod 22082 0x00000000061df290 code [0x00000000061df4a0, 0x00000000061dfe20]
Event: 2119.251 Thread 0x00000000184db800 22084       3       org.gradle.api.internal.artifacts.ivyservice.resolveengine.excludes.ImmutableModuleExclusionSet::excludesModule (59 bytes)
Event: 2119.252 Thread 0x00000000184db800 nmethod 22084 0x00000000061e5ed0 code [0x00000000061e60a0, 0x00000000061e6838]
Event: 2119.252 Thread 0x00000000184db800 22083       3       org.gradle.api.internal.artifacts.ivyservice.resolveengine.excludes.IntersectionExclusion::excludeModule (9 bytes)
Event: 2119.252 Thread 0x00000000184db800 nmethod 22083 0x00000000061e5a90 code [0x00000000061e5c00, 0x00000000061e5e08]
Event: 2119.407 Thread 0x00000000184d8000 22085   !   4       java.io.File::toPath (54 bytes)

GC Heap History (10 events):
Event: 879.300 GC heap before
{Heap before GC invocations=23 (full 3):
 PSYoungGen      total 391680K, used 391169K [0x00000000e0000000, 0x00000000fed00000, 0x0000000100000000)
  eden space 332800K, 100% used [0x00000000e0000000,0x00000000f4500000,0x00000000f4500000)
  from space 58880K, 99% used [0x00000000f4f80000,0x00000000f8880550,0x00000000f8900000)
  to   space 86016K, 0% used [0x00000000f9900000,0x00000000f9900000,0x00000000fed00000)
 ParOldGen       total 262144K, used 144429K [0x00000000a0000000, 0x00000000b0000000, 0x00000000e0000000)
  object space 262144K, 55% used [0x00000000a0000000,0x00000000a8d0b6e0,0x00000000b0000000)
 Metaspace       used 81699K, capacity 86418K, committed 86440K, reserved 1124352K
  class space    used 10703K, capacity 11687K, committed 11696K, reserved 1048576K
Event: 879.338 GC heap after
Heap after GC invocations=23 (full 3):
 PSYoungGen      total 406016K, used 85699K [0x00000000e0000000, 0x0000000100000000, 0x0000000100000000)
  eden space 320000K, 0% used [0x00000000e0000000,0x00000000e0000000,0x00000000f3880000)
  from space 86016K, 99% used [0x00000000f9900000,0x00000000fecb0fc0,0x00000000fed00000)
  to   space 98816K, 0% used [0x00000000f3880000,0x00000000f3880000,0x00000000f9900000)
 ParOldGen       total 262144K, used 144437K [0x00000000a0000000, 0x00000000b0000000, 0x00000000e0000000)
  object space 262144K, 55% used [0x00000000a0000000,0x00000000a8d0d6e0,0x00000000b0000000)
 Metaspace       used 81699K, capacity 86418K, committed 86440K, reserved 1124352K
  class space    used 10703K, capacity 11687K, committed 11696K, reserved 1048576K
}
Event: 881.310 GC heap before
{Heap before GC invocations=24 (full 3):
 PSYoungGen      total 406016K, used 403712K [0x00000000e0000000, 0x0000000100000000, 0x0000000100000000)
  eden space 320000K, 99% used [0x00000000e0000000,0x00000000f368f400,0x00000000f3880000)
  from space 86016K, 99% used [0x00000000f9900000,0x00000000fecb0fc0,0x00000000fed00000)
  to   space 98816K, 0% used [0x00000000f3880000,0x00000000f3880000,0x00000000f9900000)
 ParOldGen       total 262144K, used 144437K [0x00000000a0000000, 0x00000000b0000000, 0x00000000e0000000)
  object space 262144K, 55% used [0x00000000a0000000,0x00000000a8d0d6e0,0x00000000b0000000)
 Metaspace       used 81764K, capacity 86482K, committed 86696K, reserved 1124352K
  class space    used 10704K, capacity 11687K, committed 11696K, reserved 1048576K
Event: 881.337 GC heap after
Heap after GC invocations=24 (full 3):
 PSYoungGen      total 418816K, used 62488K [0x00000000e0000000, 0x0000000100000000, 0x0000000100000000)
  eden space 320000K, 0% used [0x00000000e0000000,0x00000000e0000000,0x00000000f3880000)
  from space 98816K, 63% used [0x00000000f3880000,0x00000000f75862c0,0x00000000f9900000)
  to   space 100352K, 0% used [0x00000000f9e00000,0x00000000f9e00000,0x0000000100000000)
 ParOldGen       total 262144K, used 144445K [0x00000000a0000000, 0x00000000b0000000, 0x00000000e0000000)
  object space 262144K, 55% used [0x00000000a0000000,0x00000000a8d0f6e0,0x00000000b0000000)
 Metaspace       used 81764K, capacity 86482K, committed 86696K, reserved 1124352K
  class space    used 10704K, capacity 11687K, committed 11696K, reserved 1048576K
}
Event: 1892.600 GC heap before
{Heap before GC invocations=25 (full 3):
 PSYoungGen      total 418816K, used 382488K [0x00000000e0000000, 0x0000000100000000, 0x0000000100000000)
  eden space 320000K, 100% used [0x00000000e0000000,0x00000000f3880000,0x00000000f3880000)
  from space 98816K, 63% used [0x00000000f3880000,0x00000000f75862c0,0x00000000f9900000)
  to   space 100352K, 0% used [0x00000000f9e00000,0x00000000f9e00000,0x0000000100000000)
 ParOldGen       total 262144K, used 144445K [0x00000000a0000000, 0x00000000b0000000, 0x00000000e0000000)
  object space 262144K, 55% used [0x00000000a0000000,0x00000000a8d0f6e0,0x00000000b0000000)
 Metaspace       used 82545K, capacity 87436K, committed 87592K, reserved 1124352K
  class space    used 10740K, capacity 11750K, committed 11824K, reserved 1048576K
Event: 1892.662 GC heap after
Heap after GC invocations=25 (full 3):
 PSYoungGen      total 396288K, used 59080K [0x00000000e0000000, 0x00000000ff200000, 0x0000000100000000)
  eden space 310272K, 0% used [0x00000000e0000000,0x00000000e0000000,0x00000000f2f00000)
  from space 86016K, 68% used [0x00000000f9e00000,0x00000000fd7b2000,0x00000000ff200000)
  to   space 99840K, 0% used [0x00000000f2f00000,0x00000000f2f00000,0x00000000f9080000)
 ParOldGen       total 262144K, used 144453K [0x00000000a0000000, 0x00000000b0000000, 0x00000000e0000000)
  object space 262144K, 55% used [0x00000000a0000000,0x00000000a8d116e0,0x00000000b0000000)
 Metaspace       used 82545K, capacity 87436K, committed 87592K, reserved 1124352K
  class space    used 10740K, capacity 11750K, committed 11824K, reserved 1048576K
}
Event: 2014.847 GC heap before
{Heap before GC invocations=26 (full 3):
 PSYoungGen      total 396288K, used 369352K [0x00000000e0000000, 0x00000000ff200000, 0x0000000100000000)
  eden space 310272K, 100% used [0x00000000e0000000,0x00000000f2f00000,0x00000000f2f00000)
  from space 86016K, 68% used [0x00000000f9e00000,0x00000000fd7b2000,0x00000000ff200000)
  to   space 99840K, 0% used [0x00000000f2f00000,0x00000000f2f00000,0x00000000f9080000)
 ParOldGen       total 262144K, used 144453K [0x00000000a0000000, 0x00000000b0000000, 0x00000000e0000000)
  object space 262144K, 55% used [0x00000000a0000000,0x00000000a8d116e0,0x00000000b0000000)
 Metaspace       used 83994K, capacity 89070K, committed 89256K, reserved 1126400K
  class space    used 10847K, capacity 11899K, committed 11952K, reserved 1048576K
Event: 2014.898 GC heap after
Heap after GC invocations=26 (full 3):
 PSYoungGen      total 357888K, used 56703K [0x00000000e0000000, 0x00000000fe600000, 0x0000000100000000)
  eden space 301056K, 0% used [0x00000000e0000000,0x00000000e0000000,0x00000000f2600000)
  from space 56832K, 99% used [0x00000000f2f00000,0x00000000f665fdc8,0x00000000f6680000)
  to   space 98304K, 0% used [0x00000000f8600000,0x00000000f8600000,0x00000000fe600000)
 ParOldGen       total 262144K, used 144461K [0x00000000a0000000, 0x00000000b0000000, 0x00000000e0000000)
  object space 262144K, 55% used [0x00000000a0000000,0x00000000a8d136e0,0x00000000b0000000)
 Metaspace       used 83994K, capacity 89070K, committed 89256K, reserved 1126400K
  class space    used 10847K, capacity 11899K, committed 11952K, reserved 1048576K
}
Event: 2054.593 GC heap before
{Heap before GC invocations=27 (full 3):
 PSYoungGen      total 357888K, used 357759K [0x00000000e0000000, 0x00000000fe600000, 0x0000000100000000)
  eden space 301056K, 100% used [0x00000000e0000000,0x00000000f2600000,0x00000000f2600000)
  from space 56832K, 99% used [0x00000000f2f00000,0x00000000f665fdc8,0x00000000f6680000)
  to   space 98304K, 0% used [0x00000000f8600000,0x00000000f8600000,0x00000000fe600000)
 ParOldGen       total 262144K, used 144461K [0x00000000a0000000, 0x00000000b0000000, 0x00000000e0000000)
  object space 262144K, 55% used [0x00000000a0000000,0x00000000a8d136e0,0x00000000b0000000)
 Metaspace       used 89036K, capacity 94188K, committed 94504K, reserved 1130496K
  class space    used 11446K, capacity 12494K, committed 12592K, reserved 1048576K
Event: 2054.650 GC heap after
Heap after GC invocations=27 (full 3):
 PSYoungGen      total 379904K, used 57854K [0x00000000e0000000, 0x00000000fdb80000, 0x0000000100000000)
  eden space 292352K, 0% used [0x00000000e0000000,0x00000000e0000000,0x00000000f1d80000)
  from space 87552K, 66% used [0x00000000f8600000,0x00000000fbe7f938,0x00000000fdb80000)
  to   space 97280K, 0% used [0x00000000f1d80000,0x00000000f1d80000,0x00000000f7c80000)
 ParOldGen       total 262144K, used 144469K [0x00000000a0000000, 0x00000000b0000000, 0x00000000e0000000)
  object space 262144K, 55% used [0x00000000a0000000,0x00000000a8d156e0,0x00000000b0000000)
 Metaspace       used 89036K, capacity 94188K, committed 94504K, reserved 1130496K
  class space    used 11446K, capacity 12494K, committed 12592K, reserved 1048576K
}

Deoptimization events (10 events):
Event: 2055.536 Thread 0x0000000021b0e800 Uncommon trap: reason=unstable_if action=reinterpret pc=0x00000000029ce4f4 method=java.io.WinNTFileSystem.prefixLength(Ljava/lang/String;)I @ 42
Event: 2055.713 Thread 0x0000000021b0a000 Uncommon trap: reason=speculate_class_check action=maybe_recompile pc=0x0000000002d5d970 method=java.lang.StringCoding.encode(Ljava/nio/charset/Charset;[CII)[B @ 91
Event: 2055.856 Thread 0x0000000021b0a000 Uncommon trap: reason=bimorphic action=maybe_recompile pc=0x0000000003d8cf3c method=java.util.Collections$UnmodifiableCollection.contains(Ljava/lang/Object;)Z @ 5
Event: 2058.374 Thread 0x0000000021b0e800 Uncommon trap: reason=bimorphic action=maybe_recompile pc=0x0000000006089e1c method=com.android.ide.common.res2.NodeUtils.duplicateNode(Lorg/w3c/dom/Document;Lorg/w3c/dom/Node;)Lorg/w3c/dom/Node; @ 80
Event: 2058.500 Thread 0x0000000021b0e800 Uncommon trap: reason=class_check action=maybe_recompile pc=0x0000000003da2580 method=com.google.common.collect.ImmutableList.copyOf(Ljava/util/Collection;)Lcom/google/common/collect/ImmutableList; @ 8
Event: 2061.817 Thread 0x000000001c44e800 Uncommon trap: reason=bimorphic action=maybe_recompile pc=0x00000000051ed27c method=com.google.common.collect.ImmutableList.hashCode()I @ 23
Event: 2061.817 Thread 0x000000001c44e800 Uncommon trap: reason=bimorphic action=maybe_recompile pc=0x00000000051ed27c method=com.google.common.collect.ImmutableList.hashCode()I @ 23
Event: 2061.854 Thread 0x000000001c443000 Uncommon trap: reason=unstable_if action=reinterpret pc=0x0000000004c0c0ec method=java.util.concurrent.ConcurrentHashMap.addCount(JI)V @ 97
Event: 2061.864 Thread 0x000000001ec22800 Uncommon trap: reason=bimorphic action=maybe_recompile pc=0x0000000004f4661c method=org.gradle.internal.logging.text.AbstractStyledTextOutput.text(Ljava/lang/Object;)Lorg/gradle/internal/logging/text/StyledTextOutput; @ 11
Event: 2115.181 Thread 0x0000000021b0e000 Uncommon trap: reason=unstable_if action=reinterpret pc=0x000000000517c10c method=org.gradle.internal.logging.console.BuildLogLevelFilterRenderer.onOutput(Lorg/gradle/internal/logging/events/OutputEvent;)V @ 18

Classes redefined (0 events):
No events

Internal exceptions (10 events):
Event: 2115.368 Thread 0x000000001ec22800 Exception <a 'sun/nio/fs/WindowsException'> (0x00000000e91b49d0) thrown at [D:\src\AOSP-openjdk-cygwin\jdk8u\hotspot\src\share\vm\prims\jni.cpp, line 709]
Event: 2115.368 Thread 0x000000001ec22800 Exception <a 'sun/nio/fs/WindowsException'> (0x00000000e91b56f8) thrown at [D:\src\AOSP-openjdk-cygwin\jdk8u\hotspot\src\share\vm\prims\jni.cpp, line 709]
Event: 2115.368 Thread 0x000000001ec22800 Exception <a 'sun/nio/fs/WindowsException'> (0x00000000e91b8a10) thrown at [D:\src\AOSP-openjdk-cygwin\jdk8u\hotspot\src\share\vm\prims\jni.cpp, line 709]
Event: 2115.368 Thread 0x000000001ec22800 Exception <a 'sun/nio/fs/WindowsException'> (0x00000000e91b9688) thrown at [D:\src\AOSP-openjdk-cygwin\jdk8u\hotspot\src\share\vm\prims\jni.cpp, line 709]
Event: 2115.368 Thread 0x000000001ec22800 Exception <a 'sun/nio/fs/WindowsException'> (0x00000000e91bb718) thrown at [D:\src\AOSP-openjdk-cygwin\jdk8u\hotspot\src\share\vm\prims\jni.cpp, line 709]
Event: 2115.368 Thread 0x000000001ec22800 Exception <a 'sun/nio/fs/WindowsException'> (0x00000000e91bc3c8) thrown at [D:\src\AOSP-openjdk-cygwin\jdk8u\hotspot\src\share\vm\prims\jni.cpp, line 709]
Event: 2115.369 Thread 0x000000001ec22800 Exception <a 'sun/nio/fs/WindowsException'> (0x00000000e91bef68) thrown at [D:\src\AOSP-openjdk-cygwin\jdk8u\hotspot\src\share\vm\prims\jni.cpp, line 709]
Event: 2115.369 Thread 0x000000001ec22800 Exception <a 'sun/nio/fs/WindowsException'> (0x00000000e91bfcb8) thrown at [D:\src\AOSP-openjdk-cygwin\jdk8u\hotspot\src\share\vm\prims\jni.cpp, line 709]
Event: 2115.369 Thread 0x000000001ec22800 Exception <a 'sun/nio/fs/WindowsException'> (0x00000000e91c1e10) thrown at [D:\src\AOSP-openjdk-cygwin\jdk8u\hotspot\src\share\vm\prims\jni.cpp, line 709]
Event: 2115.369 Thread 0x000000001ec22800 Exception <a 'sun/nio/fs/WindowsException'> (0x00000000e91c2ba0) thrown at [D:\src\AOSP-openjdk-cygwin\jdk8u\hotspot\src\share\vm\prims\jni.cpp, line 709]

Events (10 events):
Event: 2119.179 Executing VM operation: RevokeBias
Event: 2119.179 Executing VM operation: RevokeBias done
Event: 2119.179 Executing VM operation: RevokeBias
Event: 2119.179 Executing VM operation: RevokeBias done
Event: 2119.184 Executing VM operation: RevokeBias
Event: 2119.184 Executing VM operation: RevokeBias done
Event: 2119.266 Executing VM operation: RevokeBias
Event: 2119.267 Executing VM operation: RevokeBias done
Event: 2119.407 Executing VM operation: RevokeBias
Event: 2119.407 Executing VM operation: RevokeBias done


Dynamic libraries:
0x00007ff6c97d0000 - 0x00007ff6c9801000 	A:\Android\jre\bin\java.exe
0x00007ff9dc160000 - 0x00007ff9dc341000 	C:\WINDOWS\SYSTEM32\ntdll.dll
0x00007ff9d9850000 - 0x00007ff9d9902000 	C:\WINDOWS\System32\KERNEL32.DLL
0x00007ff9d8580000 - 0x00007ff9d87f3000 	C:\WINDOWS\System32\KERNELBASE.dll
0x00007ff9d9910000 - 0x00007ff9d99b1000 	C:\WINDOWS\System32\ADVAPI32.dll
0x00007ff9d96e0000 - 0x00007ff9d977e000 	C:\WINDOWS\System32\msvcrt.dll
0x00007ff9dbfb0000 - 0x00007ff9dc00b000 	C:\WINDOWS\System32\sechost.dll
0x00007ff9d9b50000 - 0x00007ff9d9c74000 	C:\WINDOWS\System32\RPCRT4.dll
0x00007ff9d99c0000 - 0x00007ff9d9b50000 	C:\WINDOWS\System32\USER32.dll
0x00007ff9d8a20000 - 0x00007ff9d8a40000 	C:\WINDOWS\System32\win32u.dll
0x00007ff9d9610000 - 0x00007ff9d9638000 	C:\WINDOWS\System32\GDI32.dll
0x00007ff9d8800000 - 0x00007ff9d8992000 	C:\WINDOWS\System32\gdi32full.dll
0x00007ff9d8a40000 - 0x00007ff9d8adf000 	C:\WINDOWS\System32\msvcp_win.dll
0x00007ff9d94f0000 - 0x00007ff9d95ea000 	C:\WINDOWS\System32\ucrtbase.dll
0x00007ff9bac20000 - 0x00007ff9bae89000 	C:\WINDOWS\WinSxS\amd64_microsoft.windows.common-controls_6595b64144ccf1df_6.0.17134.112_none_fb3f961b30681c12\COMCTL32.dll
0x00007ff9da510000 - 0x00007ff9da833000 	C:\WINDOWS\System32\combase.dll
0x00007ff9d89a0000 - 0x00007ff9d8a1a000 	C:\WINDOWS\System32\bcryptPrimitives.dll
0x00007ff9da840000 - 0x00007ff9da86d000 	C:\WINDOWS\System32\IMM32.DLL
0x000000006c2a0000 - 0x000000006c372000 	A:\Android\jre\jre\bin\msvcr100.dll
0x000000006b790000 - 0x000000006bfcf000 	A:\Android\jre\jre\bin\server\jvm.dll
0x00007ff9dbf90000 - 0x00007ff9dbf98000 	C:\WINDOWS\System32\PSAPI.DLL
0x00007ff9d71c0000 - 0x00007ff9d71c9000 	C:\WINDOWS\SYSTEM32\WSOCK32.dll
0x00007ff9d6540000 - 0x00007ff9d6563000 	C:\WINDOWS\SYSTEM32\WINMM.dll
0x00007ff9d70e0000 - 0x00007ff9d70ea000 	C:\WINDOWS\SYSTEM32\VERSION.dll
0x00007ff9dc0c0000 - 0x00007ff9dc12c000 	C:\WINDOWS\System32\WS2_32.dll
0x00007ff9d6510000 - 0x00007ff9d653a000 	C:\WINDOWS\SYSTEM32\WINMMBASE.dll
0x00007ff9d8530000 - 0x00007ff9d8579000 	C:\WINDOWS\System32\cfgmgr32.dll
0x00007ff9d71b0000 - 0x00007ff9d71bf000 	A:\Android\jre\jre\bin\verify.dll
0x00007ff9cdcc0000 - 0x00007ff9cdce9000 	A:\Android\jre\jre\bin\java.dll
0x00007ff9cf7d0000 - 0x00007ff9cf7e6000 	A:\Android\jre\jre\bin\zip.dll
0x00007ff9da870000 - 0x00007ff9dbcb0000 	C:\WINDOWS\System32\SHELL32.dll
0x00007ff9dc010000 - 0x00007ff9dc0b9000 	C:\WINDOWS\System32\shcore.dll
0x00007ff9d8ae0000 - 0x00007ff9d91ed000 	C:\WINDOWS\System32\windows.storage.dll
0x00007ff9dbcb0000 - 0x00007ff9dbd01000 	C:\WINDOWS\System32\shlwapi.dll
0x00007ff9d84d0000 - 0x00007ff9d84e1000 	C:\WINDOWS\System32\kernel.appcore.dll
0x00007ff9d8510000 - 0x00007ff9d852f000 	C:\WINDOWS\System32\profapi.dll
0x00007ff9d8470000 - 0x00007ff9d84bc000 	C:\WINDOWS\System32\powrprof.dll
0x00007ff9d84c0000 - 0x00007ff9d84ca000 	C:\WINDOWS\System32\FLTLIB.DLL
0x00007ff9cbc00000 - 0x00007ff9cbc1a000 	A:\Android\jre\jre\bin\net.dll
0x00007ff9d7c90000 - 0x00007ff9d7cf6000 	C:\WINDOWS\system32\mswsock.dll
0x00007ff9cbbe0000 - 0x00007ff9cbbf1000 	A:\Android\jre\jre\bin\nio.dll
0x00007ff9beb20000 - 0x00007ff9beb3e000 	C:\Users\TOSHIBA\.gradle\native\25\windows-amd64\native-platform.dll
0x00007ff9d71a0000 - 0x00007ff9d71ad000 	A:\Android\jre\jre\bin\management.dll
0x00007ff9d7e40000 - 0x00007ff9d7e57000 	C:\WINDOWS\SYSTEM32\CRYPTSP.dll
0x00007ff9d7870000 - 0x00007ff9d78a3000 	C:\WINDOWS\system32\rsaenh.dll
0x00007ff9d7f70000 - 0x00007ff9d7f95000 	C:\WINDOWS\SYSTEM32\bcrypt.dll
0x00007ff9d8370000 - 0x00007ff9d8398000 	C:\WINDOWS\SYSTEM32\USERENV.dll
0x00007ff9d7e60000 - 0x00007ff9d7e6b000 	C:\WINDOWS\SYSTEM32\CRYPTBASE.dll
0x00007ff9d7a10000 - 0x00007ff9d7a48000 	C:\WINDOWS\SYSTEM32\IPHLPAPI.DLL
0x00007ff9d9f30000 - 0x00007ff9d9f38000 	C:\WINDOWS\System32\NSI.dll
0x00007ff9d1a00000 - 0x00007ff9d1a16000 	C:\WINDOWS\SYSTEM32\dhcpcsvc6.DLL
0x00007ff9d19e0000 - 0x00007ff9d19fa000 	C:\WINDOWS\SYSTEM32\dhcpcsvc.DLL
0x00007ff9bf6c0000 - 0x00007ff9bf6e4000 	A:\Android\jre\jre\bin\sunec.dll
0x00007ff9d7a60000 - 0x00007ff9d7b1e000 	C:\WINDOWS\SYSTEM32\DNSAPI.dll
0x00007ff9d0b30000 - 0x00007ff9d0b3a000 	C:\Windows\System32\rasadhlp.dll
0x00007ff9d2290000 - 0x00007ff9d2302000 	C:\WINDOWS\System32\fwpuclnt.dll
0x00007ff9d2040000 - 0x00007ff9d204b000 	A:\Android\jre\jre\bin\sunmscapi.dll
0x00007ff9d9250000 - 0x00007ff9d9432000 	C:\WINDOWS\System32\CRYPT32.dll
0x00007ff9d84f0000 - 0x00007ff9d8502000 	C:\WINDOWS\System32\MSASN1.dll

VM Arguments:
jvm_args: -Xmx1536m -Dfile.encoding=windows-1254 -Duser.country=TR -Duser.language=tr -Duser.variant 
java_command: org.gradle.launcher.daemon.bootstrap.GradleDaemon 4.4
java_class_path (initial): C:\Users\TOSHIBA\.gradle\wrapper\dists\gradle-4.4-all\9br9xq1tocpiv8o6njlyu5op1\gradle-4.4\lib\gradle-launcher-4.4.jar
Launcher Type: SUN_STANDARD

Environment Variables:
JAVA_HOME=C:\Program Files\Java\jdk1.8.0_144
PATH=C:\Program Files (x86)\Common Files\Oracle\Java\javapath;C:\ProgramData\Oracle\Java\javapath;C:\WINDOWS\system32;C:\WINDOWS;C:\WINDOWS\System32\Wbem;C:\WINDOWS\System32\WindowsPowerShell\v1.0\;C:\Program Files\Java\jdk1.8.0_144\bin;C:\Program Files\MATLAB\R2017a\runtime\win64;C:\Program Files\MATLAB\R2017a\bin;C:\Program Files\Microsoft SQL Server\Client SDK\ODBC\130\Tools\Binn\;C:\Program Files (x86)\Microsoft SQL Server\140\Tools\Binn\;C:\Program Files\Microsoft SQL Server\140\Tools\Binn\;C:\Program Files\Microsoft SQL Server\140\DTS\Binn\;C:\Program Files (x86)\Microsoft SQL Server\Client SDK\ODBC\130\Tools\Binn\;C:\Program Files (x86)\Microsoft SQL Server\140\DTS\Binn\;C:\Program Files (x86)\Microsoft SQL Server\140\Tools\Binn\ManagementStudio\;C:\WINDOWS\System32\OpenSSH\;C:\Users\TOSHIBA\AppData\Local\Microsoft\WindowsApps;C:\Program Files\Microsoft VS Code\bin;C:\Users\TOSHIBA\AppData\Local\GitHubDesktop\bin;C:\Users\TOSHIBA\AppData\Local\Microsoft\WindowsApps
USERNAME=TOSHIBA
OS=Windows_NT
PROCESSOR_IDENTIFIER=Intel64 Family 6 Model 60 Stepping 3, GenuineIntel



---------------  S Y S T E M  ---------------

OS: Windows 10.0 , 64 bit Build 17134 (10.0.17134.1)

CPU:total 8 (initial active 8) (4 cores per cpu, 2 threads per core) family 6 model 60 stepping 3, cmov, cx8, fxsr, mmx, sse, sse2, sse3, ssse3, sse4.1, sse4.2, popcnt, avx, avx2, aes, clmul, erms, lzcnt, ht, tsc, tscinvbit, bmi1, bmi2

Memory: 4k page, physical 16685848k(7760936k free), swap 25598744k(14018356k free)

vm_info: OpenJDK 64-Bit Server VM (25.152-b02) for windows-amd64 JRE (1.8.0_152-release-1024-b02), built by "builder" with MS VC++ 10.0 (VS2010)

time: Wed Jul 11 11:22:23 2018
elapsed time: 2119 seconds (0d 0h 35m 19s)

